<?xml version="1.0" encoding="UTF-8"?>
<!-- Generated by org.testng.reporters.JUnitReportReporter -->
<testsuite skipped="0" hostname="Home-Laptop" name="PagesTheInternetHerokuApp.HomePage" tests="2" failures="0" timestamp="21 Oct 2020 12:23:11 GMT" time="20.971" errors="0">
  <testcase name="clickAbTestingLink" time="11.083" classname="PagesTheInternetHerokuApp.HomePage"/>
  <testcase name="clickAddRemoveElemntsLink" time="9.888" classname="PagesTheInternetHerokuApp.HomePage"/>
</testsuite> <!-- PagesTheInternetHerokuApp.HomePage -->
