<?xml version="1.0" encoding="UTF-8"?>
<!-- Generated by org.testng.reporters.JUnitReportReporter -->
<testsuite skipped="0" hostname="Home-Laptop" name="PagesTheInternetHerokuApp.HomePage" tests="1" failures="0" timestamp="20 Oct 2020 18:50:29 GMT" time="17.241" errors="0">
  <testcase name="clickAbTestingLink" time="17.241" classname="PagesTheInternetHerokuApp.HomePage"/>
</testsuite> <!-- PagesTheInternetHerokuApp.HomePage -->
